<?xml version="1.0" encoding="UTF-8"?>
<testng-results ignored="0" total="9" passed="8" failed="1" skipped="0">
  <reporter-output>
  </reporter-output>
  <suite started-at="2024-05-05T22:59:06 IST" name="Suite" finished-at="2024-05-05T23:05:29 IST" duration-ms="383178">
    <groups>
      <group name="Employee Performance">
        <method signature="testSuitOrangeHRM.TC06_EmployeePerformance()[pri:0, instance:testSuitOrangeHRM@33ecda92]" name="TC06_EmployeePerformance" class="testSuitOrangeHRM"/>
        <method signature="testSuitOrangeHRM.TC07_EmployeePerformance()[pri:0, instance:testSuitOrangeHRM@33ecda92]" name="TC07_EmployeePerformance" class="testSuitOrangeHRM"/>
      </group> <!-- Employee Performance -->
      <group name="Sanity">
        <method signature="testSuitOrangeHRM.TC01_Login()[pri:0, instance:testSuitOrangeHRM@33ecda92]" name="TC01_Login" class="testSuitOrangeHRM"/>
        <method signature="testSuitOrangeHRM.TC02_Login()[pri:0, instance:testSuitOrangeHRM@33ecda92]" name="TC02_Login" class="testSuitOrangeHRM"/>
        <method signature="testSuitOrangeHRM.TC03_EmployeeManagement()[pri:0, instance:testSuitOrangeHRM@33ecda92]" name="TC03_EmployeeManagement" class="testSuitOrangeHRM"/>
        <method signature="testSuitOrangeHRM.TC04_EmployeeManagement()[pri:0, instance:testSuitOrangeHRM@33ecda92]" name="TC04_EmployeeManagement" class="testSuitOrangeHRM"/>
        <method signature="testSuitOrangeHRM.TC05_EmployeeManagement()[pri:0, instance:testSuitOrangeHRM@33ecda92]" name="TC05_EmployeeManagement" class="testSuitOrangeHRM"/>
        <method signature="testSuitOrangeHRM.TC06_EmployeePerformance()[pri:0, instance:testSuitOrangeHRM@33ecda92]" name="TC06_EmployeePerformance" class="testSuitOrangeHRM"/>
        <method signature="testSuitOrangeHRM.TC07_EmployeePerformance()[pri:0, instance:testSuitOrangeHRM@33ecda92]" name="TC07_EmployeePerformance" class="testSuitOrangeHRM"/>
        <method signature="testSuitOrangeHRM.TC08_EmployeeCareerDevelopment()[pri:0, instance:testSuitOrangeHRM@33ecda92]" name="TC08_EmployeeCareerDevelopment" class="testSuitOrangeHRM"/>
        <method signature="testSuitOrangeHRM.TC09_EmployeeRequestDesk()[pri:0, instance:testSuitOrangeHRM@33ecda92]" name="TC09_EmployeeRequestDesk" class="testSuitOrangeHRM"/>
      </group> <!-- Sanity -->
      <group name="Employee RequestDesk">
        <method signature="testSuitOrangeHRM.TC09_EmployeeRequestDesk()[pri:0, instance:testSuitOrangeHRM@33ecda92]" name="TC09_EmployeeRequestDesk" class="testSuitOrangeHRM"/>
      </group> <!-- Employee RequestDesk -->
      <group name="Employee Management">
        <method signature="testSuitOrangeHRM.TC03_EmployeeManagement()[pri:0, instance:testSuitOrangeHRM@33ecda92]" name="TC03_EmployeeManagement" class="testSuitOrangeHRM"/>
        <method signature="testSuitOrangeHRM.TC04_EmployeeManagement()[pri:0, instance:testSuitOrangeHRM@33ecda92]" name="TC04_EmployeeManagement" class="testSuitOrangeHRM"/>
        <method signature="testSuitOrangeHRM.TC05_EmployeeManagement()[pri:0, instance:testSuitOrangeHRM@33ecda92]" name="TC05_EmployeeManagement" class="testSuitOrangeHRM"/>
      </group> <!-- Employee Management -->
      <group name="Employee Career Development">
        <method signature="testSuitOrangeHRM.TC08_EmployeeCareerDevelopment()[pri:0, instance:testSuitOrangeHRM@33ecda92]" name="TC08_EmployeeCareerDevelopment" class="testSuitOrangeHRM"/>
      </group> <!-- Employee Career Development -->
      <group name="Login">
        <method signature="testSuitOrangeHRM.TC01_Login()[pri:0, instance:testSuitOrangeHRM@33ecda92]" name="TC01_Login" class="testSuitOrangeHRM"/>
        <method signature="testSuitOrangeHRM.TC02_Login()[pri:0, instance:testSuitOrangeHRM@33ecda92]" name="TC02_Login" class="testSuitOrangeHRM"/>
      </group> <!-- Login -->
    </groups>
    <test started-at="2024-05-05T22:59:06 IST" name="Test" finished-at="2024-05-05T23:05:29 IST" duration-ms="383178">
      <class name="testSuitOrangeHRM">
        <test-method is-config="true" signature="beforeTest()[pri:0, instance:testSuitOrangeHRM@33ecda92]" started-at="2024-05-05T22:59:06 IST" name="beforeTest" finished-at="2024-05-05T22:59:06 IST" duration-ms="166" status="PASS">
          <reporter-output>
          </reporter-output>
        </test-method> <!-- beforeTest -->
        <test-method signature="TC01_Login()[pri:0, instance:testSuitOrangeHRM@33ecda92]" started-at="2024-05-05T22:59:06 IST" name="TC01_Login" finished-at="2024-05-05T22:59:24 IST" duration-ms="18367" status="PASS">
          <reporter-output>
          </reporter-output>
        </test-method> <!-- TC01_Login -->
        <test-method signature="TC02_Login()[pri:0, instance:testSuitOrangeHRM@33ecda92]" started-at="2024-05-05T22:59:24 IST" name="TC02_Login" finished-at="2024-05-05T22:59:35 IST" duration-ms="10982" status="PASS">
          <reporter-output>
          </reporter-output>
        </test-method> <!-- TC02_Login -->
        <test-method signature="TC03_EmployeeManagement()[pri:0, instance:testSuitOrangeHRM@33ecda92]" started-at="2024-05-05T22:59:35 IST" name="TC03_EmployeeManagement" finished-at="2024-05-05T23:00:56 IST" duration-ms="80487" status="PASS">
          <reporter-output>
          </reporter-output>
        </test-method> <!-- TC03_EmployeeManagement -->
        <test-method signature="TC04_EmployeeManagement()[pri:0, instance:testSuitOrangeHRM@33ecda92]" started-at="2024-05-05T23:00:56 IST" name="TC04_EmployeeManagement" finished-at="2024-05-05T23:01:29 IST" duration-ms="33073" status="PASS">
          <reporter-output>
          </reporter-output>
        </test-method> <!-- TC04_EmployeeManagement -->
        <test-method signature="TC05_EmployeeManagement()[pri:0, instance:testSuitOrangeHRM@33ecda92]" started-at="2024-05-05T23:01:29 IST" name="TC05_EmployeeManagement" finished-at="2024-05-05T23:02:03 IST" duration-ms="34166" status="PASS">
          <reporter-output>
          </reporter-output>
        </test-method> <!-- TC05_EmployeeManagement -->
        <test-method signature="TC06_EmployeePerformance()[pri:0, instance:testSuitOrangeHRM@33ecda92]" started-at="2024-05-05T23:02:03 IST" name="TC06_EmployeePerformance" finished-at="2024-05-05T23:03:19 IST" duration-ms="76021" status="FAIL">
          <exception class="org.openqa.selenium.NoSuchElementException">
            <message>
              <![CDATA[no such element: Unable to locate element: {"method":"xpath","selector":"(//a[@data-rating-text='4.5'])[1]"}
  (Session info: chrome=124.0.6367.119)
For documentation on this error, please visit: https://www.selenium.dev/documentation/webdriver/troubleshooting/errors#no-such-element-exception
Build info: version: '4.20.0', revision: '866c76ca80'
System info: os.name: 'Windows 10', os.arch: 'amd64', os.version: '10.0', java.version: '20.0.1'
Driver info: org.openqa.selenium.chrome.ChromeDriver
Command: [438195491309a67c0a48f9e226a6a2e0, findElement {value=(//a[@data-rating-text='4.5'])[1], using=xpath}]
Capabilities {acceptInsecureCerts: false, browserName: chrome, browserVersion: 124.0.6367.119, chrome: {chromedriverVersion: 124.0.6367.91 (51df0e5e17a8..., userDataDir: C:\Users\PRiNCE\AppData\Loc...}, fedcm:accounts: true, goog:chromeOptions: {debuggerAddress: localhost:63281}, networkConnectionEnabled: false, pageLoadStrategy: normal, platformName: windows, proxy: Proxy(), se:cdp: ws://localhost:63281/devtoo..., se:cdpVersion: 124.0.6367.119, setWindowRect: true, strictFileInteractability: false, timeouts: {implicit: 0, pageLoad: 300000, script: 30000}, unhandledPromptBehavior: dismiss and notify, webauthn:extension:credBlob: true, webauthn:extension:largeBlob: true, webauthn:extension:minPinLength: true, webauthn:extension:prf: true, webauthn:virtualAuthenticators: true}
Session ID: 438195491309a67c0a48f9e226a6a2e0]]>
            </message>
            <full-stacktrace>
              <![CDATA[org.openqa.selenium.NoSuchElementException: no such element: Unable to locate element: {"method":"xpath","selector":"(//a[@data-rating-text='4.5'])[1]"}
  (Session info: chrome=124.0.6367.119)
For documentation on this error, please visit: https://www.selenium.dev/documentation/webdriver/troubleshooting/errors#no-such-element-exception
Build info: version: '4.20.0', revision: '866c76ca80'
System info: os.name: 'Windows 10', os.arch: 'amd64', os.version: '10.0', java.version: '20.0.1'
Driver info: org.openqa.selenium.chrome.ChromeDriver
Command: [438195491309a67c0a48f9e226a6a2e0, findElement {value=(//a[@data-rating-text='4.5'])[1], using=xpath}]
Capabilities {acceptInsecureCerts: false, browserName: chrome, browserVersion: 124.0.6367.119, chrome: {chromedriverVersion: 124.0.6367.91 (51df0e5e17a8..., userDataDir: C:\Users\PRiNCE\AppData\Loc...}, fedcm:accounts: true, goog:chromeOptions: {debuggerAddress: localhost:63281}, networkConnectionEnabled: false, pageLoadStrategy: normal, platformName: windows, proxy: Proxy(), se:cdp: ws://localhost:63281/devtoo..., se:cdpVersion: 124.0.6367.119, setWindowRect: true, strictFileInteractability: false, timeouts: {implicit: 0, pageLoad: 300000, script: 30000}, unhandledPromptBehavior: dismiss and notify, webauthn:extension:credBlob: true, webauthn:extension:largeBlob: true, webauthn:extension:minPinLength: true, webauthn:extension:prf: true, webauthn:virtualAuthenticators: true}
Session ID: 438195491309a67c0a48f9e226a6a2e0
at java.base/jdk.internal.reflect.DirectConstructorHandleAccessor.newInstance(DirectConstructorHandleAccessor.java:67)
at java.base/java.lang.reflect.Constructor.newInstanceWithCaller(Constructor.java:500)
at java.base/java.lang.reflect.Constructor.newInstance(Constructor.java:484)
at org.openqa.selenium.remote.ErrorCodec.decode(ErrorCodec.java:167)
at org.openqa.selenium.remote.codec.w3c.W3CHttpResponseCodec.decode(W3CHttpResponseCodec.java:138)
at org.openqa.selenium.remote.codec.w3c.W3CHttpResponseCodec.decode(W3CHttpResponseCodec.java:50)
at org.openqa.selenium.remote.HttpCommandExecutor.execute(HttpCommandExecutor.java:190)
at org.openqa.selenium.remote.service.DriverCommandExecutor.invokeExecute(DriverCommandExecutor.java:216)
at org.openqa.selenium.remote.service.DriverCommandExecutor.execute(DriverCommandExecutor.java:174)
at org.openqa.selenium.remote.RemoteWebDriver.execute(RemoteWebDriver.java:518)
at org.openqa.selenium.remote.ElementLocation$ElementFinder$2.findElement(ElementLocation.java:165)
at org.openqa.selenium.remote.ElementLocation.findElement(ElementLocation.java:59)
at org.openqa.selenium.remote.RemoteWebDriver.findElement(RemoteWebDriver.java:355)
at org.openqa.selenium.remote.RemoteWebDriver.findElement(RemoteWebDriver.java:349)
at employeePerformance.employeePerformance06(employeePerformance.java:162)
at testSuitOrangeHRM.TC06_EmployeePerformance(testSuitOrangeHRM.java:107)
at java.base/jdk.internal.reflect.DirectMethodHandleAccessor.invoke(DirectMethodHandleAccessor.java:104)
at java.base/java.lang.reflect.Method.invoke(Method.java:578)
at org.testng.internal.invokers.MethodInvocationHelper.invokeMethod(MethodInvocationHelper.java:141)
at org.testng.internal.invokers.TestInvoker.invokeMethod(TestInvoker.java:686)
at org.testng.internal.invokers.TestInvoker.invokeTestMethod(TestInvoker.java:230)
at org.testng.internal.invokers.MethodRunner.runInSequence(MethodRunner.java:63)
at org.testng.internal.invokers.TestInvoker$MethodInvocationAgent.invoke(TestInvoker.java:992)
at org.testng.internal.invokers.TestInvoker.invokeTestMethods(TestInvoker.java:203)
at org.testng.internal.invokers.TestMethodWorker.invokeTestMethods(TestMethodWorker.java:154)
at org.testng.internal.invokers.TestMethodWorker.run(TestMethodWorker.java:134)
at java.base/java.util.ArrayList.forEach(ArrayList.java:1511)
at org.testng.TestRunner.privateRun(TestRunner.java:739)
at org.testng.TestRunner.run(TestRunner.java:614)
at org.testng.SuiteRunner.runTest(SuiteRunner.java:421)
at org.testng.SuiteRunner.runSequentially(SuiteRunner.java:413)
at org.testng.SuiteRunner.privateRun(SuiteRunner.java:373)
at org.testng.SuiteRunner.run(SuiteRunner.java:312)
at org.testng.SuiteRunnerWorker.runSuite(SuiteRunnerWorker.java:52)
at org.testng.SuiteRunnerWorker.run(SuiteRunnerWorker.java:95)
at org.testng.TestNG.runSuitesSequentially(TestNG.java:1274)
at org.testng.TestNG.runSuitesLocally(TestNG.java:1208)
at org.testng.TestNG.runSuites(TestNG.java:1112)
at org.testng.TestNG.run(TestNG.java:1079)
at org.testng.remote.AbstractRemoteTestNG.run(AbstractRemoteTestNG.java:115)
at org.testng.remote.RemoteTestNG.initAndRun(RemoteTestNG.java:293)
at org.testng.remote.RemoteTestNG.main(RemoteTestNG.java:91)
]]>
            </full-stacktrace>
          </exception> <!-- org.openqa.selenium.NoSuchElementException -->
          <reporter-output>
          </reporter-output>
        </test-method> <!-- TC06_EmployeePerformance -->
        <test-method signature="TC07_EmployeePerformance()[pri:0, instance:testSuitOrangeHRM@33ecda92]" started-at="2024-05-05T23:03:19 IST" name="TC07_EmployeePerformance" finished-at="2024-05-05T23:03:53 IST" duration-ms="34416" status="PASS">
          <reporter-output>
          </reporter-output>
        </test-method> <!-- TC07_EmployeePerformance -->
        <test-method signature="TC08_EmployeeCareerDevelopment()[pri:0, instance:testSuitOrangeHRM@33ecda92]" started-at="2024-05-05T23:03:53 IST" name="TC08_EmployeeCareerDevelopment" finished-at="2024-05-05T23:04:34 IST" duration-ms="40997" status="PASS">
          <reporter-output>
          </reporter-output>
        </test-method> <!-- TC08_EmployeeCareerDevelopment -->
        <test-method signature="TC09_EmployeeRequestDesk()[pri:0, instance:testSuitOrangeHRM@33ecda92]" started-at="2024-05-05T23:04:34 IST" name="TC09_EmployeeRequestDesk" finished-at="2024-05-05T23:05:28 IST" duration-ms="54110" status="PASS">
          <reporter-output>
          </reporter-output>
        </test-method> <!-- TC09_EmployeeRequestDesk -->
        <test-method is-config="true" signature="afterTest()[pri:0, instance:testSuitOrangeHRM@33ecda92]" started-at="2024-05-05T23:05:28 IST" name="afterTest" finished-at="2024-05-05T23:05:29 IST" duration-ms="327" status="PASS">
          <reporter-output>
          </reporter-output>
        </test-method> <!-- afterTest -->
      </class> <!-- testSuitOrangeHRM -->
    </test> <!-- Test -->
  </suite> <!-- Suite -->
</testng-results>
