<?xml version="1.0" encoding="UTF-8"?>
<testsuite xmlns:xsi="http://www.w3.org/2001/XMLSchema-instance" xsi:schemaLocation="https://maven.apache.org/surefire/maven-surefire-plugin/xsd/surefire-test-report.xsd" name="TestSuite" time="336.134" tests="10" errors="0" skipped="0" failures="5">
  <properties>
[...]
</properties>
  <testcase name="TC03_EmployeeManagement" classname="testSuitOrangeHRM" time="74.182">
    <failure message="no such element: Unable to locate element: {&quot;method&quot;:&quot;xpath&quot;,&quot;selector&quot;:&quot;//div[@class=&apos;dropdown bootstrap-select select-dropdown&apos;]//button[@role=&apos;combobox&apos;]&quot;}&#10;  (Session info: chrome=126.0.6478.127)&#10;For documentation on this error, please visit: https://www.selenium.dev/documentation/webdriver/troubleshooting/errors#no-such-element-exception&#10;Build info: version: &apos;4.22.0&apos;, revision: &apos;c5f3146703*&apos;&#10;System info: os.name: &apos;Windows 10&apos;, os.arch: &apos;amd64&apos;, os.version: &apos;10.0&apos;, java.version: &apos;20.0.1&apos;&#10;Driver info: org.openqa.selenium.chrome.ChromeDriver&#10;Command: [662fbb24f2271b87e8048919748b6924, findElement {using=xpath, value=//div[@class=&apos;dropdown bootstrap-select select-dropdown&apos;]//button[@role=&apos;combobox&apos;]}]&#10;Capabilities {acceptInsecureCerts: false, browserName: chrome, browserVersion: 126.0.6478.127, chrome: {chromedriverVersion: 126.0.6478.126 (d36ace6122e..., userDataDir: C:\Windows\SystemTemp\scope...}, fedcm:accounts: true, goog:chromeOptions: {debuggerAddress: localhost:64154}, networkConnectionEnabled: false, pageLoadStrategy: normal, platformName: windows, proxy: Proxy(), se:cdp: ws://localhost:64154/devtoo..., se:cdpVersion: 126.0.6478.127, setWindowRect: true, strictFileInteractability: false, timeouts: {implicit: 0, pageLoad: 300000, script: 30000}, unhandledPromptBehavior: dismiss and notify, webauthn:extension:credBlob: true, webauthn:extension:largeBlob: true, webauthn:extension:minPinLength: true, webauthn:extension:prf: true, webauthn:virtualAuthenticators: true}&#10;Session ID: 662fbb24f2271b87e8048919748b6924" type="org.openqa.selenium.NoSuchElementException">org.openqa.selenium.NoSuchElementException: 
no such element: Unable to locate element: {"method":"xpath","selector":"//div[@class='dropdown bootstrap-select select-dropdown']//button[@role='combobox']"}
  (Session info: chrome=126.0.6478.127)
For documentation on this error, please visit: https://www.selenium.dev/documentation/webdriver/troubleshooting/errors#no-such-element-exception
Build info: version: '4.22.0', revision: 'c5f3146703*'
System info: os.name: 'Windows 10', os.arch: 'amd64', os.version: '10.0', java.version: '20.0.1'
Driver info: org.openqa.selenium.chrome.ChromeDriver
Command: [662fbb24f2271b87e8048919748b6924, findElement {using=xpath, value=//div[@class='dropdown bootstrap-select select-dropdown']//button[@role='combobox']}]
Capabilities {acceptInsecureCerts: false, browserName: chrome, browserVersion: 126.0.6478.127, chrome: {chromedriverVersion: 126.0.6478.126 (d36ace6122e..., userDataDir: C:\Windows\SystemTemp\scope...}, fedcm:accounts: true, goog:chromeOptions: {debuggerAddress: localhost:64154}, networkConnectionEnabled: false, pageLoadStrategy: normal, platformName: windows, proxy: Proxy(), se:cdp: ws://localhost:64154/devtoo..., se:cdpVersion: 126.0.6478.127, setWindowRect: true, strictFileInteractability: false, timeouts: {implicit: 0, pageLoad: 300000, script: 30000}, unhandledPromptBehavior: dismiss and notify, webauthn:extension:credBlob: true, webauthn:extension:largeBlob: true, webauthn:extension:minPinLength: true, webauthn:extension:prf: true, webauthn:virtualAuthenticators: true}
Session ID: 662fbb24f2271b87e8048919748b6924
	at testSuitOrangeHRM.TC03_EmployeeManagement(testSuitOrangeHRM.java:64)
</failure>
    <system-out><![CDATA[TC_03_Test to check whether user is able to add new employee with all the appropriate details
]]></system-out>
  </testcase>
  <testcase name="TC01_Login" classname="testSuitOrangeHRM" time="23.224"/>
  <testcase name="TC02_Login" classname="testSuitOrangeHRM" time="8.534"/>
  <testcase name="TC04_EmployeeManagement" classname="testSuitOrangeHRM" time="33.319"/>
  <testcase name="TC05_EmployeeManagement" classname="testSuitOrangeHRM" time="32.113"/>
  <testcase name="TC06_EmployeePerformance" classname="testSuitOrangeHRM" time="27.478">
    <failure message="element not interactable&#10;  (Session info: chrome=126.0.6478.127)&#10;Build info: version: &apos;4.22.0&apos;, revision: &apos;c5f3146703*&apos;&#10;System info: os.name: &apos;Windows 10&apos;, os.arch: &apos;amd64&apos;, os.version: &apos;10.0&apos;, java.version: &apos;20.0.1&apos;&#10;Driver info: org.openqa.selenium.chrome.ChromeDriver&#10;Command: [34aab75859357cb1dd01897b75b131a2, clickElement {id=f.DFEE80FA27D835BCE5F24F7ADA314135.d.5EC963D6C91D53A528805C8CA2FD6A9B.e.50}]&#10;Capabilities {acceptInsecureCerts: false, browserName: chrome, browserVersion: 126.0.6478.127, chrome: {chromedriverVersion: 126.0.6478.126 (d36ace6122e..., userDataDir: C:\Windows\SystemTemp\scope...}, fedcm:accounts: true, goog:chromeOptions: {debuggerAddress: localhost:64292}, networkConnectionEnabled: false, pageLoadStrategy: normal, platformName: windows, proxy: Proxy(), se:cdp: ws://localhost:64292/devtoo..., se:cdpVersion: 126.0.6478.127, setWindowRect: true, strictFileInteractability: false, timeouts: {implicit: 0, pageLoad: 300000, script: 30000}, unhandledPromptBehavior: dismiss and notify, webauthn:extension:credBlob: true, webauthn:extension:largeBlob: true, webauthn:extension:minPinLength: true, webauthn:extension:prf: true, webauthn:virtualAuthenticators: true}&#10;Element: [[ChromeDriver: chrome on windows (34aab75859357cb1dd01897b75b131a2)] -&gt; xpath: //li[@id=&apos;left_menu_item_18&apos;]//a[1]//span[1]]&#10;Session ID: 34aab75859357cb1dd01897b75b131a2" type="org.openqa.selenium.ElementNotInteractableException">org.openqa.selenium.ElementNotInteractableException: 
element not interactable
  (Session info: chrome=126.0.6478.127)
Build info: version: '4.22.0', revision: 'c5f3146703*'
System info: os.name: 'Windows 10', os.arch: 'amd64', os.version: '10.0', java.version: '20.0.1'
Driver info: org.openqa.selenium.chrome.ChromeDriver
Command: [34aab75859357cb1dd01897b75b131a2, clickElement {id=f.DFEE80FA27D835BCE5F24F7ADA314135.d.5EC963D6C91D53A528805C8CA2FD6A9B.e.50}]
Capabilities {acceptInsecureCerts: false, browserName: chrome, browserVersion: 126.0.6478.127, chrome: {chromedriverVersion: 126.0.6478.126 (d36ace6122e..., userDataDir: C:\Windows\SystemTemp\scope...}, fedcm:accounts: true, goog:chromeOptions: {debuggerAddress: localhost:64292}, networkConnectionEnabled: false, pageLoadStrategy: normal, platformName: windows, proxy: Proxy(), se:cdp: ws://localhost:64292/devtoo..., se:cdpVersion: 126.0.6478.127, setWindowRect: true, strictFileInteractability: false, timeouts: {implicit: 0, pageLoad: 300000, script: 30000}, unhandledPromptBehavior: dismiss and notify, webauthn:extension:credBlob: true, webauthn:extension:largeBlob: true, webauthn:extension:minPinLength: true, webauthn:extension:prf: true, webauthn:virtualAuthenticators: true}
Element: [[ChromeDriver: chrome on windows (34aab75859357cb1dd01897b75b131a2)] -> xpath: //li[@id='left_menu_item_18']//a[1]//span[1]]
Session ID: 34aab75859357cb1dd01897b75b131a2
	at testSuitOrangeHRM.TC06_EmployeePerformance(testSuitOrangeHRM.java:115)
</failure>
    <system-out><![CDATA[TC_06_Test to check whether user is able to initiate appraisal for an employee
]]></system-out>
  </testcase>
  <testcase name="TC07_EmployeePerformance" classname="testSuitOrangeHRM" time="31.447">
    <failure message="element not interactable&#10;  (Session info: chrome=126.0.6478.127)&#10;Build info: version: &apos;4.22.0&apos;, revision: &apos;c5f3146703*&apos;&#10;System info: os.name: &apos;Windows 10&apos;, os.arch: &apos;amd64&apos;, os.version: &apos;10.0&apos;, java.version: &apos;20.0.1&apos;&#10;Driver info: org.openqa.selenium.chrome.ChromeDriver&#10;Command: [313522501577e46c2f6548ed1e02d0d7, clickElement {id=f.3A43DC966784F43C107B82EC2C7ADA36.d.269B9A35210C2AC792E52E558C3135F5.e.50}]&#10;Capabilities {acceptInsecureCerts: false, browserName: chrome, browserVersion: 126.0.6478.127, chrome: {chromedriverVersion: 126.0.6478.126 (d36ace6122e..., userDataDir: C:\Windows\SystemTemp\scope...}, fedcm:accounts: true, goog:chromeOptions: {debuggerAddress: localhost:64314}, networkConnectionEnabled: false, pageLoadStrategy: normal, platformName: windows, proxy: Proxy(), se:cdp: ws://localhost:64314/devtoo..., se:cdpVersion: 126.0.6478.127, setWindowRect: true, strictFileInteractability: false, timeouts: {implicit: 0, pageLoad: 300000, script: 30000}, unhandledPromptBehavior: dismiss and notify, webauthn:extension:credBlob: true, webauthn:extension:largeBlob: true, webauthn:extension:minPinLength: true, webauthn:extension:prf: true, webauthn:virtualAuthenticators: true}&#10;Element: [[ChromeDriver: chrome on windows (313522501577e46c2f6548ed1e02d0d7)] -&gt; xpath: //li[@id=&apos;left_menu_item_18&apos;]//a[1]//span[1]]&#10;Session ID: 313522501577e46c2f6548ed1e02d0d7" type="org.openqa.selenium.ElementNotInteractableException">org.openqa.selenium.ElementNotInteractableException: 
element not interactable
  (Session info: chrome=126.0.6478.127)
Build info: version: '4.22.0', revision: 'c5f3146703*'
System info: os.name: 'Windows 10', os.arch: 'amd64', os.version: '10.0', java.version: '20.0.1'
Driver info: org.openqa.selenium.chrome.ChromeDriver
Command: [313522501577e46c2f6548ed1e02d0d7, clickElement {id=f.3A43DC966784F43C107B82EC2C7ADA36.d.269B9A35210C2AC792E52E558C3135F5.e.50}]
Capabilities {acceptInsecureCerts: false, browserName: chrome, browserVersion: 126.0.6478.127, chrome: {chromedriverVersion: 126.0.6478.126 (d36ace6122e..., userDataDir: C:\Windows\SystemTemp\scope...}, fedcm:accounts: true, goog:chromeOptions: {debuggerAddress: localhost:64314}, networkConnectionEnabled: false, pageLoadStrategy: normal, platformName: windows, proxy: Proxy(), se:cdp: ws://localhost:64314/devtoo..., se:cdpVersion: 126.0.6478.127, setWindowRect: true, strictFileInteractability: false, timeouts: {implicit: 0, pageLoad: 300000, script: 30000}, unhandledPromptBehavior: dismiss and notify, webauthn:extension:credBlob: true, webauthn:extension:largeBlob: true, webauthn:extension:minPinLength: true, webauthn:extension:prf: true, webauthn:virtualAuthenticators: true}
Element: [[ChromeDriver: chrome on windows (313522501577e46c2f6548ed1e02d0d7)] -> xpath: //li[@id='left_menu_item_18']//a[1]//span[1]]
Session ID: 313522501577e46c2f6548ed1e02d0d7
	at testSuitOrangeHRM.TC07_EmployeePerformance(testSuitOrangeHRM.java:133)
</failure>
    <system-out><![CDATA[TC_07_Test to check whether user is able to view own appraisal info
]]></system-out>
  </testcase>
  <testcase name="TC08_EmployeeCareerDevelopment" classname="testSuitOrangeHRM" time="28.071">
    <failure message="element not interactable&#10;  (Session info: chrome=126.0.6478.127)&#10;Build info: version: &apos;4.22.0&apos;, revision: &apos;c5f3146703*&apos;&#10;System info: os.name: &apos;Windows 10&apos;, os.arch: &apos;amd64&apos;, os.version: &apos;10.0&apos;, java.version: &apos;20.0.1&apos;&#10;Driver info: org.openqa.selenium.chrome.ChromeDriver&#10;Command: [d039c1fab073a7be97ad7fb79521cf48, clickElement {id=f.D4B7CB915938194D7C5829B8E2A36D0E.d.FED535CDB9F376E6AE3F8DC0EB9F5A4E.e.50}]&#10;Capabilities {acceptInsecureCerts: false, browserName: chrome, browserVersion: 126.0.6478.127, chrome: {chromedriverVersion: 126.0.6478.126 (d36ace6122e..., userDataDir: C:\Windows\SystemTemp\scope...}, fedcm:accounts: true, goog:chromeOptions: {debuggerAddress: localhost:64336}, networkConnectionEnabled: false, pageLoadStrategy: normal, platformName: windows, proxy: Proxy(), se:cdp: ws://localhost:64336/devtoo..., se:cdpVersion: 126.0.6478.127, setWindowRect: true, strictFileInteractability: false, timeouts: {implicit: 0, pageLoad: 300000, script: 30000}, unhandledPromptBehavior: dismiss and notify, webauthn:extension:credBlob: true, webauthn:extension:largeBlob: true, webauthn:extension:minPinLength: true, webauthn:extension:prf: true, webauthn:virtualAuthenticators: true}&#10;Element: [[ChromeDriver: chrome on windows (d039c1fab073a7be97ad7fb79521cf48)] -&gt; xpath: //a[@data-automation-id=&apos;menu_succession &amp; development_individualDevelopmentPlans&apos; and @class=&apos; main-menu-item-1&apos;]]&#10;Session ID: d039c1fab073a7be97ad7fb79521cf48" type="org.openqa.selenium.ElementNotInteractableException"><![CDATA[org.openqa.selenium.ElementNotInteractableException: 
element not interactable
  (Session info: chrome=126.0.6478.127)
Build info: version: '4.22.0', revision: 'c5f3146703*'
System info: os.name: 'Windows 10', os.arch: 'amd64', os.version: '10.0', java.version: '20.0.1'
Driver info: org.openqa.selenium.chrome.ChromeDriver
Command: [d039c1fab073a7be97ad7fb79521cf48, clickElement {id=f.D4B7CB915938194D7C5829B8E2A36D0E.d.FED535CDB9F376E6AE3F8DC0EB9F5A4E.e.50}]
Capabilities {acceptInsecureCerts: false, browserName: chrome, browserVersion: 126.0.6478.127, chrome: {chromedriverVersion: 126.0.6478.126 (d36ace6122e..., userDataDir: C:\Windows\SystemTemp\scope...}, fedcm:accounts: true, goog:chromeOptions: {debuggerAddress: localhost:64336}, networkConnectionEnabled: false, pageLoadStrategy: normal, platformName: windows, proxy: Proxy(), se:cdp: ws://localhost:64336/devtoo..., se:cdpVersion: 126.0.6478.127, setWindowRect: true, strictFileInteractability: false, timeouts: {implicit: 0, pageLoad: 300000, script: 30000}, unhandledPromptBehavior: dismiss and notify, webauthn:extension:credBlob: true, webauthn:extension:largeBlob: true, webauthn:extension:minPinLength: true, webauthn:extension:prf: true, webauthn:virtualAuthenticators: true}
Element: [[ChromeDriver: chrome on windows (d039c1fab073a7be97ad7fb79521cf48)] -> xpath: //a[@data-automation-id='menu_succession & development_individualDevelopmentPlans' and @class=' main-menu-item-1']]
Session ID: d039c1fab073a7be97ad7fb79521cf48
	at testSuitOrangeHRM.TC08_EmployeeCareerDevelopment(testSuitOrangeHRM.java:151)
]]></failure>
    <system-out><![CDATA[TC_08_Test to check whether user is able to view list of employees having career development plan
]]></system-out>
  </testcase>
  <testcase name="TC09_EmployeeRequestDesk" classname="testSuitOrangeHRM" time="30.128">
    <failure message="element not interactable&#10;  (Session info: chrome=126.0.6478.127)&#10;Build info: version: &apos;4.22.0&apos;, revision: &apos;c5f3146703*&apos;&#10;System info: os.name: &apos;Windows 10&apos;, os.arch: &apos;amd64&apos;, os.version: &apos;10.0&apos;, java.version: &apos;20.0.1&apos;&#10;Driver info: org.openqa.selenium.chrome.ChromeDriver&#10;Command: [edd718e7af7812b0af499ca85e29f3e8, clickElement {id=f.A27F1BDFE1DAAF85116E6BF81D9B7825.d.956C5AC6C447AB68A522EC76CBF799F1.e.50}]&#10;Capabilities {acceptInsecureCerts: false, browserName: chrome, browserVersion: 126.0.6478.127, chrome: {chromedriverVersion: 126.0.6478.126 (d36ace6122e..., userDataDir: C:\Windows\SystemTemp\scope...}, fedcm:accounts: true, goog:chromeOptions: {debuggerAddress: localhost:64364}, networkConnectionEnabled: false, pageLoadStrategy: normal, platformName: windows, proxy: Proxy(), se:cdp: ws://localhost:64364/devtoo..., se:cdpVersion: 126.0.6478.127, setWindowRect: true, strictFileInteractability: false, timeouts: {implicit: 0, pageLoad: 300000, script: 30000}, unhandledPromptBehavior: dismiss and notify, webauthn:extension:credBlob: true, webauthn:extension:largeBlob: true, webauthn:extension:minPinLength: true, webauthn:extension:prf: true, webauthn:virtualAuthenticators: true}&#10;Element: [[ChromeDriver: chrome on windows (edd718e7af7812b0af499ca85e29f3e8)] -&gt; xpath: //a[@data-automation-id=&apos;menu_Request Desk_addRequest&apos; and @class=&apos; main-menu-item-1&apos;]]&#10;Session ID: edd718e7af7812b0af499ca85e29f3e8" type="org.openqa.selenium.ElementNotInteractableException">org.openqa.selenium.ElementNotInteractableException: 
element not interactable
  (Session info: chrome=126.0.6478.127)
Build info: version: '4.22.0', revision: 'c5f3146703*'
System info: os.name: 'Windows 10', os.arch: 'amd64', os.version: '10.0', java.version: '20.0.1'
Driver info: org.openqa.selenium.chrome.ChromeDriver
Command: [edd718e7af7812b0af499ca85e29f3e8, clickElement {id=f.A27F1BDFE1DAAF85116E6BF81D9B7825.d.956C5AC6C447AB68A522EC76CBF799F1.e.50}]
Capabilities {acceptInsecureCerts: false, browserName: chrome, browserVersion: 126.0.6478.127, chrome: {chromedriverVersion: 126.0.6478.126 (d36ace6122e..., userDataDir: C:\Windows\SystemTemp\scope...}, fedcm:accounts: true, goog:chromeOptions: {debuggerAddress: localhost:64364}, networkConnectionEnabled: false, pageLoadStrategy: normal, platformName: windows, proxy: Proxy(), se:cdp: ws://localhost:64364/devtoo..., se:cdpVersion: 126.0.6478.127, setWindowRect: true, strictFileInteractability: false, timeouts: {implicit: 0, pageLoad: 300000, script: 30000}, unhandledPromptBehavior: dismiss and notify, webauthn:extension:credBlob: true, webauthn:extension:largeBlob: true, webauthn:extension:minPinLength: true, webauthn:extension:prf: true, webauthn:virtualAuthenticators: true}
Element: [[ChromeDriver: chrome on windows (edd718e7af7812b0af499ca85e29f3e8)] -> xpath: //a[@data-automation-id='menu_Request Desk_addRequest' and @class=' main-menu-item-1']]
Session ID: edd718e7af7812b0af499ca85e29f3e8
	at testSuitOrangeHRM.TC09_EmployeeRequestDesk(testSuitOrangeHRM.java:169)
</failure>
    <system-out><![CDATA[TC_09_Test to check whether user is able to submit resignation request with urgent priority
]]></system-out>
  </testcase>
  <testcase name="TC10_EmployeeRecruitment" classname="testSuitOrangeHRM" time="46.41"/>
</testsuite>