<?xml version="1.0" encoding="UTF-8"?>
<testng-results ignored="0" total="3" passed="3" failed="0" skipped="0">
  <reporter-output>
  </reporter-output>
  <suite started-at="2024-05-04T18:28:33 IST" name="Suite" finished-at="2024-05-04T18:31:03 IST" duration-ms="150223">
    <groups>
    </groups>
    <test started-at="2024-05-04T18:28:33 IST" name="Test" finished-at="2024-05-04T18:31:03 IST" duration-ms="150223">
      <class name="testSuitOrangeHRM">
        <test-method is-config="true" signature="beforeTest()[pri:0, instance:testSuitOrangeHRM@5fb759d6]" started-at="2024-05-04T18:28:33 IST" name="beforeTest" finished-at="2024-05-04T18:28:33 IST" duration-ms="189" status="PASS">
          <reporter-output>
          </reporter-output>
        </test-method> <!-- beforeTest -->
        <test-method signature="TC01_Login()[pri:0, instance:testSuitOrangeHRM@5fb759d6]" started-at="2024-05-04T18:28:33 IST" name="TC01_Login" finished-at="2024-05-04T18:28:56 IST" duration-ms="23245" status="PASS">
          <reporter-output>
          </reporter-output>
        </test-method> <!-- TC01_Login -->
        <test-method signature="TC03_EmployeeManagement()[pri:0, instance:testSuitOrangeHRM@5fb759d6]" started-at="2024-05-04T18:28:56 IST" name="TC03_EmployeeManagement" finished-at="2024-05-04T18:30:20 IST" duration-ms="84054" status="PASS">
          <reporter-output>
          </reporter-output>
        </test-method> <!-- TC03_EmployeeManagement -->
        <test-method signature="TC04_EmployeeManagement()[pri:0, instance:testSuitOrangeHRM@5fb759d6]" started-at="2024-05-04T18:30:20 IST" name="TC04_EmployeeManagement" finished-at="2024-05-04T18:31:03 IST" duration-ms="42321" status="PASS">
          <reporter-output>
          </reporter-output>
        </test-method> <!-- TC04_EmployeeManagement -->
        <test-method is-config="true" signature="afterTest()[pri:0, instance:testSuitOrangeHRM@5fb759d6]" started-at="2024-05-04T18:31:03 IST" name="afterTest" finished-at="2024-05-04T18:31:03 IST" duration-ms="364" status="PASS">
          <reporter-output>
          </reporter-output>
        </test-method> <!-- afterTest -->
      </class> <!-- testSuitOrangeHRM -->
    </test> <!-- Test -->
  </suite> <!-- Suite -->
</testng-results>
