<?xml version="1.0" encoding="UTF-8"?>
<!-- Generated by org.testng.reporters.JUnitXMLReporter -->
<testsuite ignored="0" hostname="DESKTOP-R3GBI13" failures="0" tests="10" name="Test" time="0.242" errors="0" timestamp="2024-07-13T18:11:50 IST">
  <testcase classname="testSuitOrangeHRM" name="@BeforeClass beforeClass" time="0.003">
    <failure type="java.io.FileNotFoundException" message="\config\congif01.Properties (The system cannot find the path specified)">
      <![CDATA[java.io.FileNotFoundException: \config\congif01.Properties (The system cannot find the path specified)
at java.base/java.io.FileInputStream.open0(Native Method)
at java.base/java.io.FileInputStream.open(FileInputStream.java:219)
at java.base/java.io.FileInputStream.<init>(FileInputStream.java:158)
at java.base/java.io.FileInputStream.<init>(FileInputStream.java:112)
at Variables.configProperties.initPropertyFile(configProperties.java:17)
at testSuitOrangeHRM.beforeClass(testSuitOrangeHRM.java:212)
at java.base/java.util.ArrayList.forEach(ArrayList.java:1511)
... Removed 23 stack frames]]>
    </failure>
  </testcase> <!-- @BeforeClass beforeClass -->
  <testcase classname="testSuitOrangeHRM" name="@AfterTest afterTest" time="0.0">
    <skipped/>
  </testcase> <!-- @AfterTest afterTest -->
  <testcase classname="testSuitOrangeHRM" name="TC03_EmployeeManagement" time="0.0">
    <skipped/>
  </testcase> <!-- TC03_EmployeeManagement -->
  <testcase classname="testSuitOrangeHRM" name="TC01_Login" time="0.0">
    <skipped/>
  </testcase> <!-- TC01_Login -->
  <testcase classname="testSuitOrangeHRM" name="TC02_Login" time="0.001">
    <skipped/>
  </testcase> <!-- TC02_Login -->
  <testcase classname="testSuitOrangeHRM" name="TC04_EmployeeManagement" time="0.0">
    <skipped/>
  </testcase> <!-- TC04_EmployeeManagement -->
  <testcase classname="testSuitOrangeHRM" name="TC05_EmployeeManagement" time="0.0">
    <skipped/>
  </testcase> <!-- TC05_EmployeeManagement -->
  <testcase classname="testSuitOrangeHRM" name="TC06_EmployeePerformance" time="0.0">
    <skipped/>
  </testcase> <!-- TC06_EmployeePerformance -->
  <testcase classname="testSuitOrangeHRM" name="TC07_EmployeePerformance" time="0.0">
    <skipped/>
  </testcase> <!-- TC07_EmployeePerformance -->
  <testcase classname="testSuitOrangeHRM" name="TC08_EmployeeCareerDevelopment" time="0.0">
    <skipped/>
  </testcase> <!-- TC08_EmployeeCareerDevelopment -->
  <testcase classname="testSuitOrangeHRM" name="TC09_EmployeeRequestDesk" time="0.0">
    <skipped/>
  </testcase> <!-- TC09_EmployeeRequestDesk -->
  <testcase classname="testSuitOrangeHRM" name="TC10_EmployeeRecruitment" time="0.0">
    <skipped/>
  </testcase> <!-- TC10_EmployeeRecruitment -->
</testsuite> <!-- Test -->
