<?xml version="1.0" encoding="UTF-8"?>
<!-- Generated by org.testng.reporters.JUnitXMLReporter -->
<testsuite ignored="0" hostname="DESKTOP-R3GBI13" failures="0" tests="3" name="Test" time="150.223" errors="0" timestamp="2024-05-04T18:31:03 IST">
  <testcase classname="testSuitOrangeHRM" name="TC01_Login" time="23.245"/>
  <testcase classname="testSuitOrangeHRM" name="TC03_EmployeeManagement" time="84.054"/>
  <testcase classname="testSuitOrangeHRM" name="TC04_EmployeeManagement" time="42.321"/>
</testsuite> <!-- Test -->
