<?xml version="1.0" encoding="UTF-8"?>
<testsuite xmlns:xsi="http://www.w3.org/2001/XMLSchema-instance" xsi:schemaLocation="https://maven.apache.org/surefire/maven-surefire-plugin/xsd/surefire-test-report.xsd" name="TestSuite" time="366.066" tests="10" errors="0" skipped="0" failures="5">
  <properties>
[...]
</properties>
  <testcase name="TC01_Login" classname="testSuitOrangeHRM" time="26.187"/>
  <testcase name="TC02_Login" classname="testSuitOrangeHRM" time="10.608"/>
  <testcase name="TC03_EmployeeManagement" classname="testSuitOrangeHRM" time="99.026"/>
  <testcase name="TC04_EmployeeManagement" classname="testSuitOrangeHRM" time="32.491"/>
  <testcase name="TC05_EmployeeManagement" classname="testSuitOrangeHRM" time="32.271"/>
  <testcase name="TC06_EmployeePerformance" classname="testSuitOrangeHRM" time="31.993">
    <failure message="element not interactable&#10;  (Session info: chrome=126.0.6478.127)&#10;Build info: version: &apos;4.22.0&apos;, revision: &apos;c5f3146703*&apos;&#10;System info: os.name: &apos;Windows 10&apos;, os.arch: &apos;amd64&apos;, os.version: &apos;10.0&apos;, java.version: &apos;20.0.1&apos;&#10;Driver info: org.openqa.selenium.chrome.ChromeDriver&#10;Command: [284e8a9b0936d010710268f0387a1741, clickElement {id=f.CB5EC60620E35C601D55D09002F1363A.d.5A6A7714521667D581D669BA4764D687.e.54}]&#10;Capabilities {acceptInsecureCerts: false, browserName: chrome, browserVersion: 126.0.6478.127, chrome: {chromedriverVersion: 126.0.6478.126 (d36ace6122e..., userDataDir: C:\Windows\SystemTemp\scope...}, fedcm:accounts: true, goog:chromeOptions: {debuggerAddress: localhost:64963}, networkConnectionEnabled: false, pageLoadStrategy: normal, platformName: windows, proxy: Proxy(), se:cdp: ws://localhost:64963/devtoo..., se:cdpVersion: 126.0.6478.127, setWindowRect: true, strictFileInteractability: false, timeouts: {implicit: 0, pageLoad: 300000, script: 30000}, unhandledPromptBehavior: dismiss and notify, webauthn:extension:credBlob: true, webauthn:extension:largeBlob: true, webauthn:extension:minPinLength: true, webauthn:extension:prf: true, webauthn:virtualAuthenticators: true}&#10;Element: [[ChromeDriver: chrome on windows (284e8a9b0936d010710268f0387a1741)] -&gt; xpath: //li[@id=&apos;left_menu_item_18&apos;]//a[1]//span[1]]&#10;Session ID: 284e8a9b0936d010710268f0387a1741" type="org.openqa.selenium.ElementNotInteractableException">org.openqa.selenium.ElementNotInteractableException: 
element not interactable
  (Session info: chrome=126.0.6478.127)
Build info: version: '4.22.0', revision: 'c5f3146703*'
System info: os.name: 'Windows 10', os.arch: 'amd64', os.version: '10.0', java.version: '20.0.1'
Driver info: org.openqa.selenium.chrome.ChromeDriver
Command: [284e8a9b0936d010710268f0387a1741, clickElement {id=f.CB5EC60620E35C601D55D09002F1363A.d.5A6A7714521667D581D669BA4764D687.e.54}]
Capabilities {acceptInsecureCerts: false, browserName: chrome, browserVersion: 126.0.6478.127, chrome: {chromedriverVersion: 126.0.6478.126 (d36ace6122e..., userDataDir: C:\Windows\SystemTemp\scope...}, fedcm:accounts: true, goog:chromeOptions: {debuggerAddress: localhost:64963}, networkConnectionEnabled: false, pageLoadStrategy: normal, platformName: windows, proxy: Proxy(), se:cdp: ws://localhost:64963/devtoo..., se:cdpVersion: 126.0.6478.127, setWindowRect: true, strictFileInteractability: false, timeouts: {implicit: 0, pageLoad: 300000, script: 30000}, unhandledPromptBehavior: dismiss and notify, webauthn:extension:credBlob: true, webauthn:extension:largeBlob: true, webauthn:extension:minPinLength: true, webauthn:extension:prf: true, webauthn:virtualAuthenticators: true}
Element: [[ChromeDriver: chrome on windows (284e8a9b0936d010710268f0387a1741)] -> xpath: //li[@id='left_menu_item_18']//a[1]//span[1]]
Session ID: 284e8a9b0936d010710268f0387a1741
	at testSuitOrangeHRM.TC06_EmployeePerformance(testSuitOrangeHRM.java:115)
</failure>
    <system-out><![CDATA[TC_06_Test to check whether user is able to initiate appraisal for an employee
]]></system-out>
  </testcase>
  <testcase name="TC07_EmployeePerformance" classname="testSuitOrangeHRM" time="27.626">
    <failure message="element not interactable&#10;  (Session info: chrome=126.0.6478.127)&#10;Build info: version: &apos;4.22.0&apos;, revision: &apos;c5f3146703*&apos;&#10;System info: os.name: &apos;Windows 10&apos;, os.arch: &apos;amd64&apos;, os.version: &apos;10.0&apos;, java.version: &apos;20.0.1&apos;&#10;Driver info: org.openqa.selenium.chrome.ChromeDriver&#10;Command: [49fc399cb364d894483fd3ed8082cd2a, clickElement {id=f.CE34A7B195E23793AB2F8D6A0626D14B.d.17A98E90B22B0FF2F065BB785F006E43.e.50}]&#10;Capabilities {acceptInsecureCerts: false, browserName: chrome, browserVersion: 126.0.6478.127, chrome: {chromedriverVersion: 126.0.6478.126 (d36ace6122e..., userDataDir: C:\Windows\SystemTemp\scope...}, fedcm:accounts: true, goog:chromeOptions: {debuggerAddress: localhost:64985}, networkConnectionEnabled: false, pageLoadStrategy: normal, platformName: windows, proxy: Proxy(), se:cdp: ws://localhost:64985/devtoo..., se:cdpVersion: 126.0.6478.127, setWindowRect: true, strictFileInteractability: false, timeouts: {implicit: 0, pageLoad: 300000, script: 30000}, unhandledPromptBehavior: dismiss and notify, webauthn:extension:credBlob: true, webauthn:extension:largeBlob: true, webauthn:extension:minPinLength: true, webauthn:extension:prf: true, webauthn:virtualAuthenticators: true}&#10;Element: [[ChromeDriver: chrome on windows (49fc399cb364d894483fd3ed8082cd2a)] -&gt; xpath: //li[@id=&apos;left_menu_item_18&apos;]//a[1]//span[1]]&#10;Session ID: 49fc399cb364d894483fd3ed8082cd2a" type="org.openqa.selenium.ElementNotInteractableException">org.openqa.selenium.ElementNotInteractableException: 
element not interactable
  (Session info: chrome=126.0.6478.127)
Build info: version: '4.22.0', revision: 'c5f3146703*'
System info: os.name: 'Windows 10', os.arch: 'amd64', os.version: '10.0', java.version: '20.0.1'
Driver info: org.openqa.selenium.chrome.ChromeDriver
Command: [49fc399cb364d894483fd3ed8082cd2a, clickElement {id=f.CE34A7B195E23793AB2F8D6A0626D14B.d.17A98E90B22B0FF2F065BB785F006E43.e.50}]
Capabilities {acceptInsecureCerts: false, browserName: chrome, browserVersion: 126.0.6478.127, chrome: {chromedriverVersion: 126.0.6478.126 (d36ace6122e..., userDataDir: C:\Windows\SystemTemp\scope...}, fedcm:accounts: true, goog:chromeOptions: {debuggerAddress: localhost:64985}, networkConnectionEnabled: false, pageLoadStrategy: normal, platformName: windows, proxy: Proxy(), se:cdp: ws://localhost:64985/devtoo..., se:cdpVersion: 126.0.6478.127, setWindowRect: true, strictFileInteractability: false, timeouts: {implicit: 0, pageLoad: 300000, script: 30000}, unhandledPromptBehavior: dismiss and notify, webauthn:extension:credBlob: true, webauthn:extension:largeBlob: true, webauthn:extension:minPinLength: true, webauthn:extension:prf: true, webauthn:virtualAuthenticators: true}
Element: [[ChromeDriver: chrome on windows (49fc399cb364d894483fd3ed8082cd2a)] -> xpath: //li[@id='left_menu_item_18']//a[1]//span[1]]
Session ID: 49fc399cb364d894483fd3ed8082cd2a
	at testSuitOrangeHRM.TC07_EmployeePerformance(testSuitOrangeHRM.java:133)
</failure>
    <system-out><![CDATA[TC_07_Test to check whether user is able to view own appraisal info
]]></system-out>
  </testcase>
  <testcase name="TC08_EmployeeCareerDevelopment" classname="testSuitOrangeHRM" time="27.834">
    <failure message="element not interactable&#10;  (Session info: chrome=126.0.6478.127)&#10;Build info: version: &apos;4.22.0&apos;, revision: &apos;c5f3146703*&apos;&#10;System info: os.name: &apos;Windows 10&apos;, os.arch: &apos;amd64&apos;, os.version: &apos;10.0&apos;, java.version: &apos;20.0.1&apos;&#10;Driver info: org.openqa.selenium.chrome.ChromeDriver&#10;Command: [5ea2a4c5b2724889c65cad70641db9b8, clickElement {id=f.CC19461C1282842D2BB27EC1C4AA8B06.d.A86444B83847BA54E2A175946CE24C99.e.50}]&#10;Capabilities {acceptInsecureCerts: false, browserName: chrome, browserVersion: 126.0.6478.127, chrome: {chromedriverVersion: 126.0.6478.126 (d36ace6122e..., userDataDir: C:\Windows\SystemTemp\scope...}, fedcm:accounts: true, goog:chromeOptions: {debuggerAddress: localhost:65009}, networkConnectionEnabled: false, pageLoadStrategy: normal, platformName: windows, proxy: Proxy(), se:cdp: ws://localhost:65009/devtoo..., se:cdpVersion: 126.0.6478.127, setWindowRect: true, strictFileInteractability: false, timeouts: {implicit: 0, pageLoad: 300000, script: 30000}, unhandledPromptBehavior: dismiss and notify, webauthn:extension:credBlob: true, webauthn:extension:largeBlob: true, webauthn:extension:minPinLength: true, webauthn:extension:prf: true, webauthn:virtualAuthenticators: true}&#10;Element: [[ChromeDriver: chrome on windows (5ea2a4c5b2724889c65cad70641db9b8)] -&gt; xpath: //a[@data-automation-id=&apos;menu_succession &amp; development_individualDevelopmentPlans&apos; and @class=&apos; main-menu-item-1&apos;]]&#10;Session ID: 5ea2a4c5b2724889c65cad70641db9b8" type="org.openqa.selenium.ElementNotInteractableException"><![CDATA[org.openqa.selenium.ElementNotInteractableException: 
element not interactable
  (Session info: chrome=126.0.6478.127)
Build info: version: '4.22.0', revision: 'c5f3146703*'
System info: os.name: 'Windows 10', os.arch: 'amd64', os.version: '10.0', java.version: '20.0.1'
Driver info: org.openqa.selenium.chrome.ChromeDriver
Command: [5ea2a4c5b2724889c65cad70641db9b8, clickElement {id=f.CC19461C1282842D2BB27EC1C4AA8B06.d.A86444B83847BA54E2A175946CE24C99.e.50}]
Capabilities {acceptInsecureCerts: false, browserName: chrome, browserVersion: 126.0.6478.127, chrome: {chromedriverVersion: 126.0.6478.126 (d36ace6122e..., userDataDir: C:\Windows\SystemTemp\scope...}, fedcm:accounts: true, goog:chromeOptions: {debuggerAddress: localhost:65009}, networkConnectionEnabled: false, pageLoadStrategy: normal, platformName: windows, proxy: Proxy(), se:cdp: ws://localhost:65009/devtoo..., se:cdpVersion: 126.0.6478.127, setWindowRect: true, strictFileInteractability: false, timeouts: {implicit: 0, pageLoad: 300000, script: 30000}, unhandledPromptBehavior: dismiss and notify, webauthn:extension:credBlob: true, webauthn:extension:largeBlob: true, webauthn:extension:minPinLength: true, webauthn:extension:prf: true, webauthn:virtualAuthenticators: true}
Element: [[ChromeDriver: chrome on windows (5ea2a4c5b2724889c65cad70641db9b8)] -> xpath: //a[@data-automation-id='menu_succession & development_individualDevelopmentPlans' and @class=' main-menu-item-1']]
Session ID: 5ea2a4c5b2724889c65cad70641db9b8
	at testSuitOrangeHRM.TC08_EmployeeCareerDevelopment(testSuitOrangeHRM.java:151)
]]></failure>
    <system-out><![CDATA[TC_08_Test to check whether user is able to view list of employees having career development plan
]]></system-out>
  </testcase>
  <testcase name="TC09_EmployeeRequestDesk" classname="testSuitOrangeHRM" time="27.844">
    <failure message="element not interactable&#10;  (Session info: chrome=126.0.6478.127)&#10;Build info: version: &apos;4.22.0&apos;, revision: &apos;c5f3146703*&apos;&#10;System info: os.name: &apos;Windows 10&apos;, os.arch: &apos;amd64&apos;, os.version: &apos;10.0&apos;, java.version: &apos;20.0.1&apos;&#10;Driver info: org.openqa.selenium.chrome.ChromeDriver&#10;Command: [8373d41d554e1a0c77d662c637671ee9, clickElement {id=f.AB60D1EFAE4CBCA9852FB7E494966174.d.64E2A9CAC6282BF770090CBA4A450827.e.54}]&#10;Capabilities {acceptInsecureCerts: false, browserName: chrome, browserVersion: 126.0.6478.127, chrome: {chromedriverVersion: 126.0.6478.126 (d36ace6122e..., userDataDir: C:\Windows\SystemTemp\scope...}, fedcm:accounts: true, goog:chromeOptions: {debuggerAddress: localhost:65040}, networkConnectionEnabled: false, pageLoadStrategy: normal, platformName: windows, proxy: Proxy(), se:cdp: ws://localhost:65040/devtoo..., se:cdpVersion: 126.0.6478.127, setWindowRect: true, strictFileInteractability: false, timeouts: {implicit: 0, pageLoad: 300000, script: 30000}, unhandledPromptBehavior: dismiss and notify, webauthn:extension:credBlob: true, webauthn:extension:largeBlob: true, webauthn:extension:minPinLength: true, webauthn:extension:prf: true, webauthn:virtualAuthenticators: true}&#10;Element: [[ChromeDriver: chrome on windows (8373d41d554e1a0c77d662c637671ee9)] -&gt; xpath: //a[@data-automation-id=&apos;menu_Request Desk_addRequest&apos; and @class=&apos; main-menu-item-1&apos;]]&#10;Session ID: 8373d41d554e1a0c77d662c637671ee9" type="org.openqa.selenium.ElementNotInteractableException">org.openqa.selenium.ElementNotInteractableException: 
element not interactable
  (Session info: chrome=126.0.6478.127)
Build info: version: '4.22.0', revision: 'c5f3146703*'
System info: os.name: 'Windows 10', os.arch: 'amd64', os.version: '10.0', java.version: '20.0.1'
Driver info: org.openqa.selenium.chrome.ChromeDriver
Command: [8373d41d554e1a0c77d662c637671ee9, clickElement {id=f.AB60D1EFAE4CBCA9852FB7E494966174.d.64E2A9CAC6282BF770090CBA4A450827.e.54}]
Capabilities {acceptInsecureCerts: false, browserName: chrome, browserVersion: 126.0.6478.127, chrome: {chromedriverVersion: 126.0.6478.126 (d36ace6122e..., userDataDir: C:\Windows\SystemTemp\scope...}, fedcm:accounts: true, goog:chromeOptions: {debuggerAddress: localhost:65040}, networkConnectionEnabled: false, pageLoadStrategy: normal, platformName: windows, proxy: Proxy(), se:cdp: ws://localhost:65040/devtoo..., se:cdpVersion: 126.0.6478.127, setWindowRect: true, strictFileInteractability: false, timeouts: {implicit: 0, pageLoad: 300000, script: 30000}, unhandledPromptBehavior: dismiss and notify, webauthn:extension:credBlob: true, webauthn:extension:largeBlob: true, webauthn:extension:minPinLength: true, webauthn:extension:prf: true, webauthn:virtualAuthenticators: true}
Element: [[ChromeDriver: chrome on windows (8373d41d554e1a0c77d662c637671ee9)] -> xpath: //a[@data-automation-id='menu_Request Desk_addRequest' and @class=' main-menu-item-1']]
Session ID: 8373d41d554e1a0c77d662c637671ee9
	at testSuitOrangeHRM.TC09_EmployeeRequestDesk(testSuitOrangeHRM.java:169)
</failure>
    <system-out><![CDATA[TC_09_Test to check whether user is able to submit resignation request with urgent priority
]]></system-out>
  </testcase>
  <testcase name="TC10_EmployeeRecruitment" classname="testSuitOrangeHRM" time="48.926">
    <failure message="no such element: Unable to locate element: {&quot;method&quot;:&quot;xpath&quot;,&quot;selector&quot;:&quot;(//a[@class=&apos;oxd-table-cell-link&apos;])[1]&quot;}&#10;  (Session info: chrome=126.0.6478.127)&#10;For documentation on this error, please visit: https://www.selenium.dev/documentation/webdriver/troubleshooting/errors#no-such-element-exception&#10;Build info: version: &apos;4.22.0&apos;, revision: &apos;c5f3146703*&apos;&#10;System info: os.name: &apos;Windows 10&apos;, os.arch: &apos;amd64&apos;, os.version: &apos;10.0&apos;, java.version: &apos;20.0.1&apos;&#10;Driver info: org.openqa.selenium.chrome.ChromeDriver&#10;Command: [9c250acaff43baabad78bbac212f1a14, findElement {value=(//a[@class=&apos;oxd-table-cell-link&apos;])[1], using=xpath}]&#10;Capabilities {acceptInsecureCerts: false, browserName: chrome, browserVersion: 126.0.6478.127, chrome: {chromedriverVersion: 126.0.6478.126 (d36ace6122e..., userDataDir: C:\Windows\SystemTemp\scope...}, fedcm:accounts: true, goog:chromeOptions: {debuggerAddress: localhost:65066}, networkConnectionEnabled: false, pageLoadStrategy: normal, platformName: windows, proxy: Proxy(), se:cdp: ws://localhost:65066/devtoo..., se:cdpVersion: 126.0.6478.127, setWindowRect: true, strictFileInteractability: false, timeouts: {implicit: 0, pageLoad: 300000, script: 30000}, unhandledPromptBehavior: dismiss and notify, webauthn:extension:credBlob: true, webauthn:extension:largeBlob: true, webauthn:extension:minPinLength: true, webauthn:extension:prf: true, webauthn:virtualAuthenticators: true}&#10;Session ID: 9c250acaff43baabad78bbac212f1a14" type="org.openqa.selenium.NoSuchElementException">org.openqa.selenium.NoSuchElementException: 
no such element: Unable to locate element: {"method":"xpath","selector":"(//a[@class='oxd-table-cell-link'])[1]"}
  (Session info: chrome=126.0.6478.127)
For documentation on this error, please visit: https://www.selenium.dev/documentation/webdriver/troubleshooting/errors#no-such-element-exception
Build info: version: '4.22.0', revision: 'c5f3146703*'
System info: os.name: 'Windows 10', os.arch: 'amd64', os.version: '10.0', java.version: '20.0.1'
Driver info: org.openqa.selenium.chrome.ChromeDriver
Command: [9c250acaff43baabad78bbac212f1a14, findElement {value=(//a[@class='oxd-table-cell-link'])[1], using=xpath}]
Capabilities {acceptInsecureCerts: false, browserName: chrome, browserVersion: 126.0.6478.127, chrome: {chromedriverVersion: 126.0.6478.126 (d36ace6122e..., userDataDir: C:\Windows\SystemTemp\scope...}, fedcm:accounts: true, goog:chromeOptions: {debuggerAddress: localhost:65066}, networkConnectionEnabled: false, pageLoadStrategy: normal, platformName: windows, proxy: Proxy(), se:cdp: ws://localhost:65066/devtoo..., se:cdpVersion: 126.0.6478.127, setWindowRect: true, strictFileInteractability: false, timeouts: {implicit: 0, pageLoad: 300000, script: 30000}, unhandledPromptBehavior: dismiss and notify, webauthn:extension:credBlob: true, webauthn:extension:largeBlob: true, webauthn:extension:minPinLength: true, webauthn:extension:prf: true, webauthn:virtualAuthenticators: true}
Session ID: 9c250acaff43baabad78bbac212f1a14
	at testSuitOrangeHRM.TC10_EmployeeRecruitment(testSuitOrangeHRM.java:186)
</failure>
    <system-out><![CDATA[TC_10_Test to check whether user is able to hire the shortlisted candidate
]]></system-out>
  </testcase>
</testsuite>